<?xml version="1.0" encoding="UTF-8"?>
<testsuite xmlns:xsi="http://www.w3.org/2001/XMLSchema-instance" xsi:noNamespaceSchemaLocation="https://maven.apache.org/surefire/maven-surefire-plugin/xsd/surefire-test-report.xsd" name="services.implementations.ApplicationServiceImplTest" time="0.041" tests="4" errors="0" skipped="0" failures="0">
  <properties>
    <property name="java.specification.version" value="22"/>
    <property name="sun.jnu.encoding" value="UTF-8"/>
    <property name="java.class.path" value="/home/mushi/Desktop/briefs-2/J-B6-EmpMan-V3/target/test-classes:/home/mushi/Desktop/briefs-2/J-B6-EmpMan-V3/target/classes:/home/mushi/.m2/repository/org/junit/jupiter/junit-jupiter-api/5.8.1/junit-jupiter-api-5.8.1.jar:/home/mushi/.m2/repository/org/opentest4j/opentest4j/1.2.0/opentest4j-1.2.0.jar:/home/mushi/.m2/repository/org/junit/platform/junit-platform-commons/1.8.1/junit-platform-commons-1.8.1.jar:/home/mushi/.m2/repository/org/apiguardian/apiguardian-api/1.1.2/apiguardian-api-1.1.2.jar:/home/mushi/.m2/repository/org/junit/jupiter/junit-jupiter-engine/5.8.1/junit-jupiter-engine-5.8.1.jar:/home/mushi/.m2/repository/org/junit/platform/junit-platform-engine/1.8.1/junit-platform-engine-1.8.1.jar:/home/mushi/.m2/repository/org/mockito/mockito-core/3.12.4/mockito-core-3.12.4.jar:/home/mushi/.m2/repository/net/bytebuddy/byte-buddy/1.11.13/byte-buddy-1.11.13.jar:/home/mushi/.m2/repository/net/bytebuddy/byte-buddy-agent/1.11.13/byte-buddy-agent-1.11.13.jar:/home/mushi/.m2/repository/org/objenesis/objenesis/3.2/objenesis-3.2.jar:/home/mushi/.m2/repository/javax/javaee-api/8.0/javaee-api-8.0.jar:/home/mushi/.m2/repository/com/sun/mail/javax.mail/1.6.0/javax.mail-1.6.0.jar:/home/mushi/.m2/repository/javax/activation/activation/1.1/activation-1.1.jar:/home/mushi/.m2/repository/org/hibernate/hibernate-core/5.6.0.Final/hibernate-core-5.6.0.Final.jar:/home/mushi/.m2/repository/org/jboss/logging/jboss-logging/3.4.2.Final/jboss-logging-3.4.2.Final.jar:/home/mushi/.m2/repository/javax/persistence/javax.persistence-api/2.2/javax.persistence-api-2.2.jar:/home/mushi/.m2/repository/antlr/antlr/2.7.7/antlr-2.7.7.jar:/home/mushi/.m2/repository/org/jboss/spec/javax/transaction/jboss-transaction-api_1.2_spec/1.1.1.Final/jboss-transaction-api_1.2_spec-1.1.1.Final.jar:/home/mushi/.m2/repository/org/jboss/jandex/2.2.3.Final/jandex-2.2.3.Final.jar:/home/mushi/.m2/repository/com/fasterxml/classmate/1.5.1/classmate-1.5.1.jar:/home/mushi/.m2/repository/javax/activation/javax.activation-api/1.2.0/javax.activation-api-1.2.0.jar:/home/mushi/.m2/repository/org/hibernate/common/hibernate-commons-annotations/5.1.2.Final/hibernate-commons-annotations-5.1.2.Final.jar:/home/mushi/.m2/repository/javax/xml/bind/jaxb-api/2.3.1/jaxb-api-2.3.1.jar:/home/mushi/.m2/repository/org/glassfish/jaxb/jaxb-runtime/2.3.1/jaxb-runtime-2.3.1.jar:/home/mushi/.m2/repository/org/glassfish/jaxb/txw2/2.3.1/txw2-2.3.1.jar:/home/mushi/.m2/repository/com/sun/istack/istack-commons-runtime/3.0.7/istack-commons-runtime-3.0.7.jar:/home/mushi/.m2/repository/org/jvnet/staxex/stax-ex/1.8/stax-ex-1.8.jar:/home/mushi/.m2/repository/com/sun/xml/fastinfoset/FastInfoset/1.2.15/FastInfoset-1.2.15.jar:/home/mushi/.m2/repository/org/postgresql/postgresql/42.7.2/postgresql-42.7.2.jar:/home/mushi/.m2/repository/org/checkerframework/checker-qual/3.42.0/checker-qual-3.42.0.jar:/home/mushi/.m2/repository/javax/servlet/jstl/1.2/jstl-1.2.jar:/home/mushi/.m2/repository/javax/servlet/javax.servlet-api/4.0.1/javax.servlet-api-4.0.1.jar:/home/mushi/.m2/repository/javax/servlet/jsp/javax.servlet.jsp-api/2.3.3/javax.servlet.jsp-api-2.3.3.jar:/home/mushi/.m2/repository/org/glassfish/web/javax.servlet.jsp.jstl/1.2.5/javax.servlet.jsp.jstl-1.2.5.jar:/home/mushi/.m2/repository/javax/servlet/jsp/jstl/jstl-api/1.2/jstl-api-1.2.jar:/home/mushi/.m2/repository/javax/servlet/servlet-api/2.5/servlet-api-2.5.jar:/home/mushi/.m2/repository/javax/servlet/jsp/jsp-api/2.1/jsp-api-2.1.jar:/home/mushi/.m2/repository/xalan/xalan/2.7.2/xalan-2.7.2.jar:/home/mushi/.m2/repository/xalan/serializer/2.7.2/serializer-2.7.2.jar:/home/mushi/.m2/repository/xml-apis/xml-apis/1.3.04/xml-apis-1.3.04.jar:/home/mushi/.m2/repository/org/mockito/mockito-junit-jupiter/3.12.4/mockito-junit-jupiter-3.12.4.jar:/home/mushi/.m2/repository/com/h2database/h2/2.1.214/h2-2.1.214.jar:/home/mushi/.m2/repository/org/slf4j/slf4j-api/2.0.16/slf4j-api-2.0.16.jar:/home/mushi/.m2/repository/org/jboss/weld/servlet/weld-servlet-core/3.1.9.Final/weld-servlet-core-3.1.9.Final.jar:/home/mushi/.m2/repository/org/jboss/weld/environment/weld-environment-common/3.1.9.Final/weld-environment-common-3.1.9.Final.jar:/home/mushi/.m2/repository/org/jboss/weld/weld-core-impl/3.1.9.Final/weld-core-impl-3.1.9.Final.jar:/home/mushi/.m2/repository/org/jboss/spec/javax/annotation/jboss-annotations-api_1.3_spec/2.0.1.Final/jboss-annotations-api_1.3_spec-2.0.1.Final.jar:/home/mushi/.m2/repository/org/jboss/spec/javax/interceptor/jboss-interceptors-api_1.2_spec/2.0.0.Final/jboss-interceptors-api_1.2_spec-2.0.0.Final.jar:/home/mushi/.m2/repository/org/jboss/weld/weld-spi/3.1.SP4/weld-spi-3.1.SP4.jar:/home/mushi/.m2/repository/org/jboss/weld/weld-api/3.1.SP4/weld-api-3.1.SP4.jar:/home/mushi/.m2/repository/org/jboss/weld/probe/weld-probe-core/3.1.9.Final/weld-probe-core-3.1.9.Final.jar:/home/mushi/.m2/repository/jakarta/enterprise/jakarta.enterprise.cdi-api/2.0.2/jakarta.enterprise.cdi-api-2.0.2.jar:/home/mushi/.m2/repository/jakarta/inject/jakarta.inject-api/1.0/jakarta.inject-api-1.0.jar:/home/mushi/.m2/repository/org/jboss/weld/module/weld-jsf/3.1.9.Final/weld-jsf-3.1.9.Final.jar:/home/mushi/.m2/repository/org/jboss/weld/module/weld-web/3.1.9.Final/weld-web-3.1.9.Final.jar:/home/mushi/.m2/repository/org/jboss/spec/javax/el/jboss-el-api_3.0_spec/2.0.0.Final/jboss-el-api_3.0_spec-2.0.0.Final.jar:/home/mushi/.m2/repository/org/jboss/classfilewriter/jboss-classfilewriter/1.2.5.Final/jboss-classfilewriter-1.2.5.Final.jar:/home/mushi/.m2/repository/com/fasterxml/jackson/core/jackson-databind/2.18.0/jackson-databind-2.18.0.jar:/home/mushi/.m2/repository/com/fasterxml/jackson/core/jackson-annotations/2.18.0/jackson-annotations-2.18.0.jar:/home/mushi/.m2/repository/com/fasterxml/jackson/core/jackson-core/2.18.0/jackson-core-2.18.0.jar:/home/mushi/.m2/repository/com/fasterxml/jackson/datatype/jackson-datatype-jsr310/2.18.0/jackson-datatype-jsr310-2.18.0.jar:"/>
    <property name="java.vm.vendor" value="Oracle Corporation"/>
    <property name="sun.arch.data.model" value="64"/>
    <property name="java.vendor.url" value="https://java.oracle.com/"/>
    <property name="os.name" value="Linux"/>
    <property name="java.vm.specification.version" value="22"/>
    <property name="sun.java.launcher" value="SUN_STANDARD"/>
    <property name="user.country" value="US"/>
    <property name="sun.boot.library.path" value="/home/mushi/.jdks/openjdk-22.0.2/lib"/>
    <property name="sun.java.command" value="/home/mushi/Desktop/briefs-2/J-B6-EmpMan-V3/target/surefire/surefirebooter12944654714298634832.jar /home/mushi/Desktop/briefs-2/J-B6-EmpMan-V3/target/surefire 2024-10-18T17-14-06_613-jvmRun2 surefire6310611610965091854tmp surefire_09498328610606045486tmp"/>
    <property name="jdk.debug" value="release"/>
    <property name="surefire.test.class.path" value="/home/mushi/Desktop/briefs-2/J-B6-EmpMan-V3/target/test-classes:/home/mushi/Desktop/briefs-2/J-B6-EmpMan-V3/target/classes:/home/mushi/.m2/repository/org/junit/jupiter/junit-jupiter-api/5.8.1/junit-jupiter-api-5.8.1.jar:/home/mushi/.m2/repository/org/opentest4j/opentest4j/1.2.0/opentest4j-1.2.0.jar:/home/mushi/.m2/repository/org/junit/platform/junit-platform-commons/1.8.1/junit-platform-commons-1.8.1.jar:/home/mushi/.m2/repository/org/apiguardian/apiguardian-api/1.1.2/apiguardian-api-1.1.2.jar:/home/mushi/.m2/repository/org/junit/jupiter/junit-jupiter-engine/5.8.1/junit-jupiter-engine-5.8.1.jar:/home/mushi/.m2/repository/org/junit/platform/junit-platform-engine/1.8.1/junit-platform-engine-1.8.1.jar:/home/mushi/.m2/repository/org/mockito/mockito-core/3.12.4/mockito-core-3.12.4.jar:/home/mushi/.m2/repository/net/bytebuddy/byte-buddy/1.11.13/byte-buddy-1.11.13.jar:/home/mushi/.m2/repository/net/bytebuddy/byte-buddy-agent/1.11.13/byte-buddy-agent-1.11.13.jar:/home/mushi/.m2/repository/org/objenesis/objenesis/3.2/objenesis-3.2.jar:/home/mushi/.m2/repository/javax/javaee-api/8.0/javaee-api-8.0.jar:/home/mushi/.m2/repository/com/sun/mail/javax.mail/1.6.0/javax.mail-1.6.0.jar:/home/mushi/.m2/repository/javax/activation/activation/1.1/activation-1.1.jar:/home/mushi/.m2/repository/org/hibernate/hibernate-core/5.6.0.Final/hibernate-core-5.6.0.Final.jar:/home/mushi/.m2/repository/org/jboss/logging/jboss-logging/3.4.2.Final/jboss-logging-3.4.2.Final.jar:/home/mushi/.m2/repository/javax/persistence/javax.persistence-api/2.2/javax.persistence-api-2.2.jar:/home/mushi/.m2/repository/antlr/antlr/2.7.7/antlr-2.7.7.jar:/home/mushi/.m2/repository/org/jboss/spec/javax/transaction/jboss-transaction-api_1.2_spec/1.1.1.Final/jboss-transaction-api_1.2_spec-1.1.1.Final.jar:/home/mushi/.m2/repository/org/jboss/jandex/2.2.3.Final/jandex-2.2.3.Final.jar:/home/mushi/.m2/repository/com/fasterxml/classmate/1.5.1/classmate-1.5.1.jar:/home/mushi/.m2/repository/javax/activation/javax.activation-api/1.2.0/javax.activation-api-1.2.0.jar:/home/mushi/.m2/repository/org/hibernate/common/hibernate-commons-annotations/5.1.2.Final/hibernate-commons-annotations-5.1.2.Final.jar:/home/mushi/.m2/repository/javax/xml/bind/jaxb-api/2.3.1/jaxb-api-2.3.1.jar:/home/mushi/.m2/repository/org/glassfish/jaxb/jaxb-runtime/2.3.1/jaxb-runtime-2.3.1.jar:/home/mushi/.m2/repository/org/glassfish/jaxb/txw2/2.3.1/txw2-2.3.1.jar:/home/mushi/.m2/repository/com/sun/istack/istack-commons-runtime/3.0.7/istack-commons-runtime-3.0.7.jar:/home/mushi/.m2/repository/org/jvnet/staxex/stax-ex/1.8/stax-ex-1.8.jar:/home/mushi/.m2/repository/com/sun/xml/fastinfoset/FastInfoset/1.2.15/FastInfoset-1.2.15.jar:/home/mushi/.m2/repository/org/postgresql/postgresql/42.7.2/postgresql-42.7.2.jar:/home/mushi/.m2/repository/org/checkerframework/checker-qual/3.42.0/checker-qual-3.42.0.jar:/home/mushi/.m2/repository/javax/servlet/jstl/1.2/jstl-1.2.jar:/home/mushi/.m2/repository/javax/servlet/javax.servlet-api/4.0.1/javax.servlet-api-4.0.1.jar:/home/mushi/.m2/repository/javax/servlet/jsp/javax.servlet.jsp-api/2.3.3/javax.servlet.jsp-api-2.3.3.jar:/home/mushi/.m2/repository/org/glassfish/web/javax.servlet.jsp.jstl/1.2.5/javax.servlet.jsp.jstl-1.2.5.jar:/home/mushi/.m2/repository/javax/servlet/jsp/jstl/jstl-api/1.2/jstl-api-1.2.jar:/home/mushi/.m2/repository/javax/servlet/servlet-api/2.5/servlet-api-2.5.jar:/home/mushi/.m2/repository/javax/servlet/jsp/jsp-api/2.1/jsp-api-2.1.jar:/home/mushi/.m2/repository/xalan/xalan/2.7.2/xalan-2.7.2.jar:/home/mushi/.m2/repository/xalan/serializer/2.7.2/serializer-2.7.2.jar:/home/mushi/.m2/repository/xml-apis/xml-apis/1.3.04/xml-apis-1.3.04.jar:/home/mushi/.m2/repository/org/mockito/mockito-junit-jupiter/3.12.4/mockito-junit-jupiter-3.12.4.jar:/home/mushi/.m2/repository/com/h2database/h2/2.1.214/h2-2.1.214.jar:/home/mushi/.m2/repository/org/slf4j/slf4j-api/2.0.16/slf4j-api-2.0.16.jar:/home/mushi/.m2/repository/org/jboss/weld/servlet/weld-servlet-core/3.1.9.Final/weld-servlet-core-3.1.9.Final.jar:/home/mushi/.m2/repository/org/jboss/weld/environment/weld-environment-common/3.1.9.Final/weld-environment-common-3.1.9.Final.jar:/home/mushi/.m2/repository/org/jboss/weld/weld-core-impl/3.1.9.Final/weld-core-impl-3.1.9.Final.jar:/home/mushi/.m2/repository/org/jboss/spec/javax/annotation/jboss-annotations-api_1.3_spec/2.0.1.Final/jboss-annotations-api_1.3_spec-2.0.1.Final.jar:/home/mushi/.m2/repository/org/jboss/spec/javax/interceptor/jboss-interceptors-api_1.2_spec/2.0.0.Final/jboss-interceptors-api_1.2_spec-2.0.0.Final.jar:/home/mushi/.m2/repository/org/jboss/weld/weld-spi/3.1.SP4/weld-spi-3.1.SP4.jar:/home/mushi/.m2/repository/org/jboss/weld/weld-api/3.1.SP4/weld-api-3.1.SP4.jar:/home/mushi/.m2/repository/org/jboss/weld/probe/weld-probe-core/3.1.9.Final/weld-probe-core-3.1.9.Final.jar:/home/mushi/.m2/repository/jakarta/enterprise/jakarta.enterprise.cdi-api/2.0.2/jakarta.enterprise.cdi-api-2.0.2.jar:/home/mushi/.m2/repository/jakarta/inject/jakarta.inject-api/1.0/jakarta.inject-api-1.0.jar:/home/mushi/.m2/repository/org/jboss/weld/module/weld-jsf/3.1.9.Final/weld-jsf-3.1.9.Final.jar:/home/mushi/.m2/repository/org/jboss/weld/module/weld-web/3.1.9.Final/weld-web-3.1.9.Final.jar:/home/mushi/.m2/repository/org/jboss/spec/javax/el/jboss-el-api_3.0_spec/2.0.0.Final/jboss-el-api_3.0_spec-2.0.0.Final.jar:/home/mushi/.m2/repository/org/jboss/classfilewriter/jboss-classfilewriter/1.2.5.Final/jboss-classfilewriter-1.2.5.Final.jar:/home/mushi/.m2/repository/com/fasterxml/jackson/core/jackson-databind/2.18.0/jackson-databind-2.18.0.jar:/home/mushi/.m2/repository/com/fasterxml/jackson/core/jackson-annotations/2.18.0/jackson-annotations-2.18.0.jar:/home/mushi/.m2/repository/com/fasterxml/jackson/core/jackson-core/2.18.0/jackson-core-2.18.0.jar:/home/mushi/.m2/repository/com/fasterxml/jackson/datatype/jackson-datatype-jsr310/2.18.0/jackson-datatype-jsr310-2.18.0.jar:"/>
    <property name="sun.cpu.endian" value="little"/>
    <property name="user.home" value="/home/mushi"/>
    <property name="user.language" value="en"/>
    <property name="java.specification.vendor" value="Oracle Corporation"/>
    <property name="java.version.date" value="2024-07-16"/>
    <property name="java.home" value="/home/mushi/.jdks/openjdk-22.0.2"/>
    <property name="file.separator" value="/"/>
    <property name="basedir" value="/home/mushi/Desktop/briefs-2/J-B6-EmpMan-V3"/>
    <property name="java.vm.compressedOopsMode" value="Zero based"/>
    <property name="line.separator" value="&#10;"/>
    <property name="java.specification.name" value="Java Platform API Specification"/>
    <property name="java.vm.specification.vendor" value="Oracle Corporation"/>
    <property name="surefire.real.class.path" value="/home/mushi/Desktop/briefs-2/J-B6-EmpMan-V3/target/surefire/surefirebooter12944654714298634832.jar"/>
    <property name="sun.management.compiler" value="HotSpot 64-Bit Tiered Compilers"/>
    <property name="java.runtime.version" value="22.0.2+9-70"/>
    <property name="user.name" value="mushi"/>
    <property name="stdout.encoding" value="UTF-8"/>
    <property name="path.separator" value=":"/>
    <property name="os.version" value="6.8.0-47-generic"/>
    <property name="java.runtime.name" value="OpenJDK Runtime Environment"/>
    <property name="file.encoding" value="UTF-8"/>
    <property name="java.vm.name" value="OpenJDK 64-Bit Server VM"/>
    <property name="localRepository" value="/home/mushi/.m2/repository"/>
    <property name="java.vendor.url.bug" value="https://bugreport.java.com/bugreport/"/>
    <property name="java.io.tmpdir" value="/tmp"/>
    <property name="idea.version" value="2024.2.0.1"/>
    <property name="java.version" value="22.0.2"/>
    <property name="user.dir" value="/home/mushi/Desktop/briefs-2/J-B6-EmpMan-V3"/>
    <property name="os.arch" value="amd64"/>
    <property name="java.vm.specification.name" value="Java Virtual Machine Specification"/>
    <property name="native.encoding" value="UTF-8"/>
    <property name="java.library.path" value=":/usr/java/packages/lib:/usr/lib64:/lib64:/lib:/usr/lib"/>
    <property name="java.vm.info" value="mixed mode, sharing"/>
    <property name="stderr.encoding" value="UTF-8"/>
    <property name="java.vendor" value="Oracle Corporation"/>
    <property name="java.vm.version" value="22.0.2+9-70"/>
    <property name="sun.io.unicode.encoding" value="UnicodeLittle"/>
    <property name="java.class.version" value="66.0"/>
  </properties>
  <testcase name="testCheckIfExists_applicationExists_shouldReturnTrue" classname="services.implementations.ApplicationServiceImplTest" time="0.029"/>
  <testcase name="testSave_applicationExists_shouldReturnTrue" classname="services.implementations.ApplicationServiceImplTest" time="0.003"/>
  <testcase name="testSave_applicationDoesNotExist_shouldReturnFalse" classname="services.implementations.ApplicationServiceImplTest" time="0.003"/>
  <testcase name="testCheckIfExists_applicationDoesNotExist_shouldReturnFalse" classname="services.implementations.ApplicationServiceImplTest" time="0.003"/>
</testsuite>